{
  "RSpec": {
    "coverage": {
      "/Users/student/Desktop/Projects/co-vid20-20/spec/features/video_feature_spec.rb": {
        "lines": [
          1,
          1,
          1,
          null,
          1,
          1,
          1,
          1,
          1,
          1,
          1,
          null,
          null,
          1,
          1,
          1,
          1,
          1,
          1,
          1,
          null,
          null,
          1,
          1,
          1,
          1,
          1,
          1,
          null,
          null,
          1,
          1,
          1,
          1,
          1,
          1,
          1,
          null,
          null,
          1,
          1,
          1,
          1,
          1,
          1,
          null,
          null,
          1,
          1,
          1,
          1,
          1,
          1,
          1,
          1,
          null,
          null
        ]
      },
      "/Users/student/Desktop/Projects/co-vid20-20/spec/rails_helper.rb": {
        "lines": [
          null,
          1,
          1,
          1,
          null,
          1,
          1,
          1,
          1,
          null,
          null,
          null,
          1,
          1,
          1,
          0,
          0,
          null,
          null,
          null,
          null,
          null,
          1,
          null,
          0,
          null,
          null,
          null,
          null,
          null,
          null,
          null,
          null,
          null,
          null,
          null,
          null,
          null,
          null,
          null,
          null,
          null,
          null,
          null,
          1,
          null,
          0,
          0,
          null,
          1,
          null,
          1,
          null,
          null,
          null,
          null,
          1,
          null,
          null,
          null,
          null,
          null,
          null,
          null,
          null,
          null,
          null,
          null,
          null,
          null,
          null,
          null,
          null,
          null,
          1,
          null,
          null,
          1,
          null,
          null,
          1,
          null,
          1,
          1,
          1,
          1,
          1,
          1,
          null,
          null,
          null,
          null
        ]
      },
      "/Users/student/Desktop/Projects/co-vid20-20/config/environment.rb": {
        "lines": [
          null,
          1,
          null,
          null,
          1
        ]
      },
      "/Users/student/Desktop/Projects/co-vid20-20/config/application.rb": {
        "lines": [
          1,
          null,
          1,
          null,
          1,
          1,
          1,
          1,
          1,
          1,
          1,
          1,
          1,
          1,
          1,
          null,
          null,
          null,
          null,
          1,
          null,
          1,
          1,
          null,
          1,
          null,
          null,
          null,
          null,
          null,
          null,
          1,
          null,
          null,
          1,
          null,
          null
        ]
      },
      "/Users/student/Desktop/Projects/co-vid20-20/config/boot.rb": {
        "lines": [
          1,
          null,
          1,
          1
        ]
      },
      "/Users/student/Desktop/Projects/co-vid20-20/config/environments/test.rb": {
        "lines": [
          null,
          null,
          null,
          null,
          null,
          1,
          null,
          null,
          1,
          null,
          null,
          null,
          null,
          1,
          null,
          null,
          1,
          1,
          null,
          null,
          null,
          null,
          1,
          1,
          1,
          null,
          null,
          1,
          null,
          null,
          1,
          null,
          null,
          1,
          null,
          1,
          null,
          null,
          null,
          null,
          1,
          null,
          null,
          1,
          null,
          null,
          null,
          null
        ]
      },
      "/Users/student/Desktop/Projects/co-vid20-20/config/initializers/application_controller_renderer.rb": {
        "lines": [
          null,
          null,
          null,
          null,
          null,
          null,
          null,
          null
        ]
      },
      "/Users/student/Desktop/Projects/co-vid20-20/config/initializers/assets.rb": {
        "lines": [
          null,
          null,
          null,
          1,
          null,
          null,
          null,
          null,
          1,
          null,
          null,
          null,
          null,
          null
        ]
      },
      "/Users/student/Desktop/Projects/co-vid20-20/config/initializers/backtrace_silencers.rb": {
        "lines": [
          null,
          null,
          null,
          null,
          null,
          null,
          null
        ]
      },
      "/Users/student/Desktop/Projects/co-vid20-20/config/initializers/content_security_policy.rb": {
        "lines": [
          null,
          null,
          null,
          null,
          null,
          null,
          null,
          null,
          null,
          null,
          null,
          null,
          null,
          null,
          null,
          null,
          null,
          null,
          null,
          null,
          null,
          null,
          null,
          null,
          null,
          null,
          null,
          null,
          null,
          null
        ]
      },
      "/Users/student/Desktop/Projects/co-vid20-20/config/initializers/cookies_serializer.rb": {
        "lines": [
          null,
          null,
          null,
          null,
          1
        ]
      },
      "/Users/student/Desktop/Projects/co-vid20-20/config/initializers/devise.rb": {
        "lines": [
          null,
          null,
          null,
          null,
          1,
          null,
          null,
          null,
          null,
          null,
          null,
          null,
          null,
          null,
          null,
          null,
          null,
          null,
          null,
          null,
          1,
          null,
          null,
          null,
          null,
          null,
          null,
          null,
          null,
          null,
          null,
          null,
          1,
          null,
          null,
          null,
          null,
          null,
          null,
          null,
          null,
          null,
          null,
          null,
          null,
          null,
          null,
          null,
          null,
          null,
          null,
          null,
          null,
          null,
          1,
          null,
          null,
          null,
          null,
          1,
          null,
          null,
          null,
          null,
          null,
          null,
          null,
          null,
          null,
          null,
          null,
          null,
          null,
          null,
          null,
          null,
          null,
          null,
          null,
          null,
          null,
          null,
          null,
          null,
          null,
          null,
          null,
          null,
          null,
          null,
          1,
          null,
          null,
          null,
          null,
          null,
          null,
          null,
          null,
          null,
          null,
          null,
          null,
          null,
          null,
          null,
          null,
          null,
          null,
          null,
          null,
          null,
          null,
          1,
          null,
          null,
          null,
          null,
          null,
          null,
          null,
          null,
          null,
          null,
          null,
          null,
          null,
          null,
          null,
          null,
          null,
          null,
          null,
          null,
          null,
          null,
          null,
          null,
          null,
          null,
          null,
          null,
          null,
          null,
          null,
          null,
          null,
          1,
          null,
          null,
          null,
          null,
          null,
          null,
          null,
          null,
          null,
          1,
          null,
          null,
          null,
          null,
          null,
          null,
          null,
          null,
          null,
          null,
          1,
          null,
          null,
          null,
          null,
          1,
          null,
          null,
          null,
          null,
          null,
          null,
          null,
          null,
          null,
          null,
          null,
          null,
          null,
          null,
          null,
          null,
          null,
          null,
          null,
          null,
          null,
          null,
          null,
          null,
          null,
          null,
          null,
          null,
          null,
          null,
          null,
          null,
          null,
          null,
          null,
          null,
          null,
          null,
          null,
          null,
          1,
          null,
          null,
          null,
          null,
          null,
          null,
          null,
          null,
          null,
          null,
          null,
          null,
          null,
          null,
          null,
          null,
          null,
          null,
          null,
          null,
          null,
          null,
          null,
          null,
          null,
          null,
          null,
          null,
          null,
          null,
          null,
          null,
          null,
          null,
          null,
          null,
          null,
          null,
          null,
          null,
          null,
          1,
          null,
          null,
          null,
          null,
          null,
          null,
          null,
          null,
          null,
          null,
          null,
          null,
          null,
          null,
          null,
          null,
          null,
          null,
          null,
          null,
          null,
          null,
          null,
          null,
          null,
          null,
          null,
          null,
          null,
          null,
          null,
          null,
          null,
          null,
          null,
          null,
          null,
          null,
          null,
          null,
          null,
          null
        ]
      },
      "/Users/student/Desktop/Projects/co-vid20-20/config/initializers/filter_parameter_logging.rb": {
        "lines": [
          null,
          null,
          null,
          1
        ]
      },
      "/Users/student/Desktop/Projects/co-vid20-20/config/initializers/inflections.rb": {
        "lines": [
          null,
          null,
          null,
          null,
          null,
          null,
          null,
          null,
          null,
          null,
          null,
          null,
          null,
          null,
          null,
          null
        ]
      },
      "/Users/student/Desktop/Projects/co-vid20-20/config/initializers/mime_types.rb": {
        "lines": [
          null,
          null,
          null,
          null
        ]
      },
      "/Users/student/Desktop/Projects/co-vid20-20/config/initializers/wrap_parameters.rb": {
        "lines": [
          null,
          null,
          null,
          null,
          null,
          null,
          1,
          2,
          null,
          null,
          null,
          null,
          null,
          null
        ]
      },
      "/Users/student/Desktop/Projects/co-vid20-20/spec/factories.rb": {
        "lines": [
          1,
          1,
          null,
          null,
          null,
          null,
          null,
          1,
          null,
          null,
          null,
          1,
          null,
          null,
          null,
          1,
          1,
          1,
          null,
          null,
          null,
          1,
          1,
          1,
          1,
          1,
          null,
          null,
          1,
          1,
          1,
          1,
          null,
          null,
          null
        ]
      },
      "/Users/student/Desktop/Projects/co-vid20-20/config/routes.rb": {
        "lines": [
          null,
          null,
          1,
          1,
          1,
          1,
          null,
          null,
          null,
          1,
          1,
          1,
          null,
          1,
          1,
          1,
          1,
          1,
          null,
          null,
          null,
          1,
          1,
          1,
          1,
          1,
          1,
          null,
          1,
          1,
          1,
          null,
          null,
          null
        ]
      },
      "/Users/student/Desktop/Projects/co-vid20-20/app/models/user.rb": {
        "lines": [
          1,
          null,
          null,
          1,
          1,
          1,
          null,
          1,
          1,
          1,
          1,
          1,
          null,
          1,
          0,
          null,
          null,
          1,
          0,
          null,
          null,
          1,
          0,
          null,
          null
        ]
      },
      "/Users/student/Desktop/Projects/co-vid20-20/app/models/application_record.rb": {
        "lines": [
          1,
          1,
          null
        ]
      },
      "/Users/student/Desktop/Projects/co-vid20-20/app/helpers/application_helper.rb": {
        "lines": [
          1,
          null
        ]
      },
      "/Users/student/Desktop/Projects/co-vid20-20/app/helpers/comments_helper.rb": {
        "lines": [
          1,
          null
        ]
      },
      "/Users/student/Desktop/Projects/co-vid20-20/app/helpers/conversations_helper.rb": {
        "lines": [
          1,
          null
        ]
      },
      "/Users/student/Desktop/Projects/co-vid20-20/app/helpers/home_helper.rb": {
        "lines": [
          1,
          null
        ]
      },
      "/Users/student/Desktop/Projects/co-vid20-20/app/helpers/likes_helper.rb": {
        "lines": [
          1,
          null
        ]
      },
      "/Users/student/Desktop/Projects/co-vid20-20/app/helpers/messages_helper.rb": {
        "lines": [
          1,
          null
        ]
      },
      "/Users/student/Desktop/Projects/co-vid20-20/app/helpers/profile_pictures_helper.rb": {
        "lines": [
          1,
          null
        ]
      },
      "/Users/student/Desktop/Projects/co-vid20-20/app/helpers/profiles_helper.rb": {
        "lines": [
          1,
          null
        ]
      },
      "/Users/student/Desktop/Projects/co-vid20-20/app/helpers/relationships_helper.rb": {
        "lines": [
          1,
          null
        ]
      },
      "/Users/student/Desktop/Projects/co-vid20-20/app/helpers/search_helper.rb": {
        "lines": [
          1,
          null
        ]
      },
      "/Users/student/Desktop/Projects/co-vid20-20/app/helpers/videos_helper.rb": {
        "lines": [
          1,
          null
        ]
      },
      "/Users/student/Desktop/Projects/co-vid20-20/app/helpers/welcome_helper.rb": {
        "lines": [
          1,
          null
        ]
      },
      "/Users/student/Desktop/Projects/co-vid20-20/spec/sign_up_helper.rb": {
        "lines": [
          1,
          6,
          6,
          6,
          6,
          6,
          6,
          6,
          null,
          null,
          1,
          2,
          2,
          2,
          2,
          2,
          2,
          2,
          null
        ]
      },
      "/Users/student/Desktop/Projects/co-vid20-20/spec/create_video_helper.rb": {
        "lines": [
          1,
          6,
          6,
          6,
          6,
          6,
          6,
          6,
          null
        ]
      },
      "/Users/student/Desktop/Projects/co-vid20-20/app/controllers/application_controller.rb": {
        "lines": [
          1,
          1,
          null,
          1,
          null,
          1,
          18,
          null,
          null
        ]
      },
      "/Users/student/Desktop/Projects/co-vid20-20/app/controllers/home_controller.rb": {
        "lines": [
          1,
          1,
          null,
          null,
          null
        ]
      },
      "/Users/student/Desktop/Projects/co-vid20-20/app/models/relationship.rb": {
        "lines": [
          1,
          1,
          1,
          1,
          1,
          null
        ]
      },
      "/Users/student/Desktop/Projects/co-vid20-20/app/controllers/videos_controller.rb": {
        "lines": [
          null,
          null,
          1,
          1,
          1,
          null,
          null,
          null,
          1,
          7,
          null,
          null,
          null,
          null,
          1,
          7,
          7,
          7,
          7,
          null,
          null,
          null,
          1,
          6,
          6,
          null,
          null,
          null,
          1,
          1,
          1,
          null,
          null,
          1,
          0,
          0,
          0,
          0,
          null,
          null,
          null,
          null,
          null,
          1,
          6,
          6,
          6,
          6,
          12,
          6,
          null,
          0,
          0,
          null,
          null,
          null,
          null,
          null,
          null,
          1,
          0,
          0,
          0,
          0,
          null,
          0,
          0,
          null,
          null,
          null,
          null,
          null,
          null,
          1,
          1,
          1,
          2,
          1,
          null,
          1,
          null,
          null,
          null,
          1,
          0,
          0,
          null,
          0,
          0,
          0,
          0,
          0,
          0,
          null,
          null,
          null,
          null,
          null,
          null,
          1,
          null,
          null,
          1,
          9,
          null,
          null,
          null,
          1,
          6,
          null,
          null
        ]
      },
      "/Users/student/Desktop/Projects/co-vid20-20/app/models/video.rb": {
        "lines": [
          1,
          1,
          1,
          1,
          1,
          1,
          1,
          1,
          1,
          null,
          1,
          6,
          0,
          null,
          null,
          null,
          1,
          0,
          null,
          null,
          null,
          1,
          20,
          null,
          null,
          null,
          null,
          null,
          null
        ]
      },
      "/Users/student/Desktop/Projects/co-vid20-20/app/models/tagging.rb": {
        "lines": [
          1,
          1,
          1,
          null
        ]
      },
      "/Users/student/Desktop/Projects/co-vid20-20/app/models/tag.rb": {
        "lines": [
          1,
          null,
          1,
          1,
          null,
          null
        ]
      },
      "/Users/student/Desktop/Projects/co-vid20-20/app/models/comment.rb": {
        "lines": [
          1,
          1,
          null,
          1,
          1,
          null,
          null
        ]
      },
      "/Users/student/Desktop/Projects/co-vid20-20/app/models/like.rb": {
        "lines": [
          1,
          1,
          1,
          null
        ]
      },
      "/Users/student/Desktop/Projects/co-vid20-20/app/controllers/comments_controller.rb": {
        "lines": [
          1,
          1,
          0,
          null,
          null,
          1,
          1,
          1,
          1,
          1,
          null,
          null,
          null,
          null,
          null,
          null,
          1,
          null,
          1,
          1,
          null,
          null
        ]
      }
    },
    "timestamp": 1588758150
  }
}
